<?xml version="1.0" encoding="UTF-8"?>
<testng-results ignored="0" total="1" passed="1" failed="0" skipped="0">
  <reporter-output>
  </reporter-output>
  <suite started-at="2025-08-10T21:27:15 IST" name="Default suite" finished-at="2025-08-10T21:27:17 IST" duration-ms="2404">
    <groups>
    </groups>
    <test started-at="2025-08-10T21:27:15 IST" name="Default test" finished-at="2025-08-10T21:27:17 IST" duration-ms="2404">
      <class name="com.learn.API.SumValidation">
        <test-method signature="sumOfCourses()[pri:0, instance:com.learn.API.SumValidation@74fe5c40]" started-at="2025-08-10T21:27:15 IST" name="sumOfCourses" finished-at="2025-08-10T21:27:17 IST" duration-ms="2333" status="PASS">
          <reporter-output>
          </reporter-output>
        </test-method> <!-- sumOfCourses -->
      </class> <!-- com.learn.API.SumValidation -->
    </test> <!-- Default test -->
  </suite> <!-- Default suite -->
</testng-results>
